
fs.js:432
  return binding.open(pathModule._makeLong(path), stringToFlags(flags), mode);
                 ^
Error: EACCES, permission denied '/usr/local/lib/node_modules/npm/bin/npm-cli.js'
    at Object.fs.openSync (fs.js:432:18)
    at Object.fs.readFileSync (fs.js:289:15)
    at Object.Module._extensions..js (module.js:473:44)
    at Module.load (module.js:356:32)
    at Function.Module._load (module.js:312:12)
    at Function.Module.runMain (module.js:497:10)
    at startup (node.js:119:16)
    at node.js:906:3
Slack adapter options: { token: 'NifdOhno9Z0joyIaiOI4f17A',
  team: 'motouhui',
  name: 'merlin',
  mode: 'blacklist',
  channels: [],
  link_names: 0 }
Successfully 'connected' as merlin
[Tue Jul 01 2014 14:26:27 GMT+0800 (CST)] WARNING The HUBOT_AUTH_ADMIN environment variable not set
[Tue Jul 01 2014 14:26:27 GMT+0800 (CST)] INFO Data for brain retrieved from Redis
Incoming message received
Sending message
Incoming message received
Incoming message received
Sending message
Incoming message received
Sending message
Incoming message received
Sending message
